<?xml version="1.0" encoding="UTF-8"?>
<testsuites name="AmazonSearch001" time="44.345" tests="1" failures="0" errors="1">
   <testsuite name="AmazonSearch001" tests="1" failures="0" errors="1" time="44.345" skipped="0" timestamp="05-02-2024T00:04:01" hostname="LavanyaM - LAPTOP-D3SE02BR" id="Test Suites/AmazonSearch001_TS/AmazonSearch001">
      <properties>
         <property name="deviceName" value=""/>
         <property name="devicePlatform" value=""/>
         <property name="logFolder" value="C:\\Users\\LavanyaM\\git\\AmazonTesting_Katalon\\Reports\\20240205_000304\\AmazonSearch001_TS\\AmazonSearch001\\20240205_000304"/>
         <property name="logFiles" value="C:\\Users\\LavanyaM\\git\\AmazonTesting_Katalon\\Reports\\20240205_000304\\AmazonSearch001_TS\\AmazonSearch001\\20240205_000304\\execution0.log"/>
         <property name="attachments" value=""/>
         <property name="hostName" value="LavanyaM - LAPTOP-D3SE02BR"/>
         <property name="os" value="Windows 10 64bit"/>
         <property name="katalonVersion" value="9.1.0.212"/>
         <property name="browser" value="Chrome 121.0.0.0"/>
         <property name="hostAddress" value="192.168.0.182"/>
         <property name="sessionId" value="8fce84eeecf1d82dc72a9d3a0f24b81a"/>
         <property name="seleniumVersion" value="3.141.59"/>
         <property name="proxyInformation" value="ProxyInformation { proxyOption=NO_PROXY, proxyServerType=HTTP, username=, password=********, proxyServerAddress=, proxyServerPort=0, executionList=&quot;&quot;, isApplyToDesiredCapabilities=true }"/>
         <property name="platform" value="Windows 10"/>
      </properties>
      <testcase name="Test Cases/AmazonLogin/TC_AmazonSearch001" time="43.201" classname="Test Cases/AmazonLogin/TC_AmazonSearch001" status="ERROR">
         <error type="ERROR" message="Test Cases/AmazonLogin/TC_AmazonSearch001 FAILED.&#xa;Reason:&#xa;groovy.lang.MissingPropertyException: No such property: Grace for class: Script1707070587845&#xa;	at TC_AmazonSearch001.run(TC_AmazonSearch001:32)&#xa;	at com.kms.katalon.core.main.ScriptEngine.run(ScriptEngine.java:194)&#xa;	at com.kms.katalon.core.main.ScriptEngine.runScriptAsRawText(ScriptEngine.java:119)&#xa;	at com.kms.katalon.core.main.TestCaseExecutor.runScript(TestCaseExecutor.java:448)&#xa;	at com.kms.katalon.core.main.TestCaseExecutor.doExecute(TestCaseExecutor.java:439)&#xa;	at com.kms.katalon.core.main.TestCaseExecutor.processExecutionPhase(TestCaseExecutor.java:418)&#xa;	at com.kms.katalon.core.main.TestCaseExecutor.accessMainPhase(TestCaseExecutor.java:410)&#xa;	at com.kms.katalon.core.main.TestCaseExecutor.execute(TestCaseExecutor.java:285)&#xa;	at com.kms.katalon.core.common.CommonExecutor.accessTestCaseMainPhase(CommonExecutor.java:65)&#xa;	at com.kms.katalon.core.main.TestSuiteExecutor.accessTestSuiteMainPhase(TestSuiteExecutor.java:148)&#xa;	at com.kms.katalon.core.main.TestSuiteExecutor.execute(TestSuiteExecutor.java:106)&#xa;	at com.kms.katalon.core.main.TestCaseMain.startTestSuite(TestCaseMain.java:180)&#xa;	at TempTestSuite1707071584491.run(TempTestSuite1707071584491.groovy:36)&#xa;	at java.base/jdk.internal.reflect.NativeMethodAccessorImpl.invoke0(Native Method)&#xa;	at java.base/jdk.internal.reflect.NativeMethodAccessorImpl.invoke(NativeMethodAccessorImpl.java:77)&#xa;	at java.base/jdk.internal.reflect.DelegatingMethodAccessorImpl.invoke(DelegatingMethodAccessorImpl.java:43)&#xa;"/>
         <system-out><![CDATA[05-02-2024T00:04:03 - [TEST_CASE][ERROR] - Test Cases/AmazonLogin/TC_AmazonSearch001: Test Cases/AmazonLogin/TC_AmazonSearch001 FAILED.
Reason:
groovy.lang.MissingPropertyException: No such property: Grace for class: Script1707070587845
	at TC_AmazonSearch001.run(TC_AmazonSearch001:32)
	at com.kms.katalon.core.main.ScriptEngine.run(ScriptEngine.java:194)
	at com.kms.katalon.core.main.ScriptEngine.runScriptAsRawText(ScriptEngine.java:119)
	at com.kms.katalon.core.main.TestCaseExecutor.runScript(TestCaseExecutor.java:448)
	at com.kms.katalon.core.main.TestCaseExecutor.doExecute(TestCaseExecutor.java:439)
	at com.kms.katalon.core.main.TestCaseExecutor.processExecutionPhase(TestCaseExecutor.java:418)
	at com.kms.katalon.core.main.TestCaseExecutor.accessMainPhase(TestCaseExecutor.java:410)
	at com.kms.katalon.core.main.TestCaseExecutor.execute(TestCaseExecutor.java:285)
	at com.kms.katalon.core.common.CommonExecutor.accessTestCaseMainPhase(CommonExecutor.java:65)
	at com.kms.katalon.core.main.TestSuiteExecutor.accessTestSuiteMainPhase(TestSuiteExecutor.java:148)
	at com.kms.katalon.core.main.TestSuiteExecutor.execute(TestSuiteExecutor.java:106)
	at com.kms.katalon.core.main.TestCaseMain.startTestSuite(TestCaseMain.java:180)
	at TempTestSuite1707071584491.run(TempTestSuite1707071584491.groovy:36)
	at java.base/jdk.internal.reflect.NativeMethodAccessorImpl.invoke0(Native Method)
	at java.base/jdk.internal.reflect.NativeMethodAccessorImpl.invoke(NativeMethodAccessorImpl.java:77)
	at java.base/jdk.internal.reflect.DelegatingMethodAccessorImpl.invoke(DelegatingMethodAccessorImpl.java:43)


05-02-2024T00:04:05 - [TEST_STEP][PASSED] - openBrowser(""): Browser is opened with url: ''

05-02-2024T00:04:07 - [MESSAGE][INFO] - Starting 'Chrome' driver

05-02-2024T00:04:08 - [MESSAGE][INFO] - Action delay is set to 0 milliseconds

05-02-2024T00:04:28 - [MESSAGE][PASSED] - Browser is opened with url: ''

05-02-2024T00:04:28 - [TEST_STEP][PASSED] - closeBrowser(): Browser is closed

05-02-2024T00:04:29 - [MESSAGE][PASSED] - Browser is closed

05-02-2024T00:04:29 - [TEST_STEP][PASSED] - openBrowser(""): Browser is opened with url: ''

05-02-2024T00:04:29 - [MESSAGE][INFO] - Starting 'Chrome' driver

05-02-2024T00:04:29 - [MESSAGE][INFO] - Action delay is set to 0 milliseconds

05-02-2024T00:04:32 - [MESSAGE][PASSED] - Browser is opened with url: ''

05-02-2024T00:04:32 - [TEST_STEP][PASSED] - navigateToUrl("https://www.amazon.com/"): Navigate to 'https://www.amazon.com/' successfully

05-02-2024T00:04:41 - [MESSAGE][PASSED] - Navigate to 'https://www.amazon.com/' successfully

05-02-2024T00:04:41 - [TEST_STEP][PASSED] - setText(findTestObject("Object Repository/AmazonSearch001_OR/Page_Amazon.com/input_field-keywords"), "BLFLXL"): Text 'BLFLXL' is set on object 'Object Repository/AmazonSearch001_OR/Page_Amazon.com/input_field-keywords'

05-02-2024T00:04:45 - [MESSAGE][PASSED] - Text 'BLFLXL' is set on object 'Object Repository/AmazonSearch001_OR/Page_Amazon.com/input_field-keywords'

05-02-2024T00:04:45 - [TEST_STEP][PASSED] - click(findTestObject("Object Repository/AmazonSearch001_OR/Page_Amazon.com/button_Continue shopping")): Object: 'Object Repository/AmazonSearch001_OR/Page_Amazon.com/button_Continue shopping' is clicked on

05-02-2024T00:04:46 - [MESSAGE][PASSED] - Object: 'Object Repository/AmazonSearch001_OR/Page_Amazon.com/button_Continue shopping' is clicked on

05-02-2024T00:04:46 - [TEST_STEP][ERROR] - setText(ball): Test Cases/AmazonLogin/TC_AmazonSearch001 FAILED.
Reason:
groovy.lang.MissingPropertyException: No such property: Grace for class: Script1707070587845
	at TC_AmazonSearch001.run(TC_AmazonSearch001:32)
	at com.kms.katalon.core.main.ScriptEngine.run(ScriptEngine.java:194)
	at com.kms.katalon.core.main.ScriptEngine.runScriptAsRawText(ScriptEngine.java:119)
	at com.kms.katalon.core.main.TestCaseExecutor.runScript(TestCaseExecutor.java:448)
	at com.kms.katalon.core.main.TestCaseExecutor.doExecute(TestCaseExecutor.java:439)
	at com.kms.katalon.core.main.TestCaseExecutor.processExecutionPhase(TestCaseExecutor.java:418)
	at com.kms.katalon.core.main.TestCaseExecutor.accessMainPhase(TestCaseExecutor.java:410)
	at com.kms.katalon.core.main.TestCaseExecutor.execute(TestCaseExecutor.java:285)
	at com.kms.katalon.core.common.CommonExecutor.accessTestCaseMainPhase(CommonExecutor.java:65)
	at com.kms.katalon.core.main.TestSuiteExecutor.accessTestSuiteMainPhase(TestSuiteExecutor.java:148)
	at com.kms.katalon.core.main.TestSuiteExecutor.execute(TestSuiteExecutor.java:106)
	at com.kms.katalon.core.main.TestCaseMain.startTestSuite(TestCaseMain.java:180)
	at TempTestSuite1707071584491.run(TempTestSuite1707071584491.groovy:36)
	at java.base/jdk.internal.reflect.NativeMethodAccessorImpl.invoke0(Native Method)
	at java.base/jdk.internal.reflect.NativeMethodAccessorImpl.invoke(NativeMethodAccessorImpl.java:77)
	at java.base/jdk.internal.reflect.DelegatingMethodAccessorImpl.invoke(DelegatingMethodAccessorImpl.java:43)


05-02-2024T00:04:46 - [MESSAGE][ERROR] - Test Cases/AmazonLogin/TC_AmazonSearch001 FAILED.
Reason:
groovy.lang.MissingPropertyException: No such property: Grace for class: Script1707070587845
	at TC_AmazonSearch001.run(TC_AmazonSearch001:32)
	at com.kms.katalon.core.main.ScriptEngine.run(ScriptEngine.java:194)
	at com.kms.katalon.core.main.ScriptEngine.runScriptAsRawText(ScriptEngine.java:119)
	at com.kms.katalon.core.main.TestCaseExecutor.runScript(TestCaseExecutor.java:448)
	at com.kms.katalon.core.main.TestCaseExecutor.doExecute(TestCaseExecutor.java:439)
	at com.kms.katalon.core.main.TestCaseExecutor.processExecutionPhase(TestCaseExecutor.java:418)
	at com.kms.katalon.core.main.TestCaseExecutor.accessMainPhase(TestCaseExecutor.java:410)
	at com.kms.katalon.core.main.TestCaseExecutor.execute(TestCaseExecutor.java:285)
	at com.kms.katalon.core.common.CommonExecutor.accessTestCaseMainPhase(CommonExecutor.java:65)
	at com.kms.katalon.core.main.TestSuiteExecutor.accessTestSuiteMainPhase(TestSuiteExecutor.java:148)
	at com.kms.katalon.core.main.TestSuiteExecutor.execute(TestSuiteExecutor.java:106)
	at com.kms.katalon.core.main.TestCaseMain.startTestSuite(TestCaseMain.java:180)
	at TempTestSuite1707071584491.run(TempTestSuite1707071584491.groovy:36)
	at java.base/jdk.internal.reflect.NativeMethodAccessorImpl.invoke0(Native Method)
	at java.base/jdk.internal.reflect.NativeMethodAccessorImpl.invoke(NativeMethodAccessorImpl.java:77)
	at java.base/jdk.internal.reflect.DelegatingMethodAccessorImpl.invoke(DelegatingMethodAccessorImpl.java:43)]]></system-out>
         <system-err><![CDATA[05-02-2024T00:04:03 - [TEST_CASE][ERROR] - Test Cases/AmazonLogin/TC_AmazonSearch001: Test Cases/AmazonLogin/TC_AmazonSearch001 FAILED.
Reason:
groovy.lang.MissingPropertyException: No such property: Grace for class: Script1707070587845
	at TC_AmazonSearch001.run(TC_AmazonSearch001:32)
	at com.kms.katalon.core.main.ScriptEngine.run(ScriptEngine.java:194)
	at com.kms.katalon.core.main.ScriptEngine.runScriptAsRawText(ScriptEngine.java:119)
	at com.kms.katalon.core.main.TestCaseExecutor.runScript(TestCaseExecutor.java:448)
	at com.kms.katalon.core.main.TestCaseExecutor.doExecute(TestCaseExecutor.java:439)
	at com.kms.katalon.core.main.TestCaseExecutor.processExecutionPhase(TestCaseExecutor.java:418)
	at com.kms.katalon.core.main.TestCaseExecutor.accessMainPhase(TestCaseExecutor.java:410)
	at com.kms.katalon.core.main.TestCaseExecutor.execute(TestCaseExecutor.java:285)
	at com.kms.katalon.core.common.CommonExecutor.accessTestCaseMainPhase(CommonExecutor.java:65)
	at com.kms.katalon.core.main.TestSuiteExecutor.accessTestSuiteMainPhase(TestSuiteExecutor.java:148)
	at com.kms.katalon.core.main.TestSuiteExecutor.execute(TestSuiteExecutor.java:106)
	at com.kms.katalon.core.main.TestCaseMain.startTestSuite(TestCaseMain.java:180)
	at TempTestSuite1707071584491.run(TempTestSuite1707071584491.groovy:36)
	at java.base/jdk.internal.reflect.NativeMethodAccessorImpl.invoke0(Native Method)
	at java.base/jdk.internal.reflect.NativeMethodAccessorImpl.invoke(NativeMethodAccessorImpl.java:77)
	at java.base/jdk.internal.reflect.DelegatingMethodAccessorImpl.invoke(DelegatingMethodAccessorImpl.java:43)]]></system-err>
      </testcase>
      <system-out><![CDATA[05-02-2024T00:04:01 - [TEST_SUITE][ERROR] - AmazonSearch001: Test Cases/AmazonLogin/TC_AmazonSearch001 FAILED.
Reason:
groovy.lang.MissingPropertyException: No such property: Grace for class: Script1707070587845
	at TC_AmazonSearch001.run(TC_AmazonSearch001:32)
	at com.kms.katalon.core.main.ScriptEngine.run(ScriptEngine.java:194)
	at com.kms.katalon.core.main.ScriptEngine.runScriptAsRawText(ScriptEngine.java:119)
	at com.kms.katalon.core.main.TestCaseExecutor.runScript(TestCaseExecutor.java:448)
	at com.kms.katalon.core.main.TestCaseExecutor.doExecute(TestCaseExecutor.java:439)
	at com.kms.katalon.core.main.TestCaseExecutor.processExecutionPhase(TestCaseExecutor.java:418)
	at com.kms.katalon.core.main.TestCaseExecutor.accessMainPhase(TestCaseExecutor.java:410)
	at com.kms.katalon.core.main.TestCaseExecutor.execute(TestCaseExecutor.java:285)
	at com.kms.katalon.core.common.CommonExecutor.accessTestCaseMainPhase(CommonExecutor.java:65)
	at com.kms.katalon.core.main.TestSuiteExecutor.accessTestSuiteMainPhase(TestSuiteExecutor.java:148)
	at com.kms.katalon.core.main.TestSuiteExecutor.execute(TestSuiteExecutor.java:106)
	at com.kms.katalon.core.main.TestCaseMain.startTestSuite(TestCaseMain.java:180)
	at TempTestSuite1707071584491.run(TempTestSuite1707071584491.groovy:36)
	at java.base/jdk.internal.reflect.NativeMethodAccessorImpl.invoke0(Native Method)
	at java.base/jdk.internal.reflect.NativeMethodAccessorImpl.invoke(NativeMethodAccessorImpl.java:77)
	at java.base/jdk.internal.reflect.DelegatingMethodAccessorImpl.invoke(DelegatingMethodAccessorImpl.java:43)]]></system-out>
      <system-err><![CDATA[05-02-2024T00:04:01 - [TEST_SUITE][ERROR] - AmazonSearch001: Test Cases/AmazonLogin/TC_AmazonSearch001 FAILED.
Reason:
groovy.lang.MissingPropertyException: No such property: Grace for class: Script1707070587845
	at TC_AmazonSearch001.run(TC_AmazonSearch001:32)
	at com.kms.katalon.core.main.ScriptEngine.run(ScriptEngine.java:194)
	at com.kms.katalon.core.main.ScriptEngine.runScriptAsRawText(ScriptEngine.java:119)
	at com.kms.katalon.core.main.TestCaseExecutor.runScript(TestCaseExecutor.java:448)
	at com.kms.katalon.core.main.TestCaseExecutor.doExecute(TestCaseExecutor.java:439)
	at com.kms.katalon.core.main.TestCaseExecutor.processExecutionPhase(TestCaseExecutor.java:418)
	at com.kms.katalon.core.main.TestCaseExecutor.accessMainPhase(TestCaseExecutor.java:410)
	at com.kms.katalon.core.main.TestCaseExecutor.execute(TestCaseExecutor.java:285)
	at com.kms.katalon.core.common.CommonExecutor.accessTestCaseMainPhase(CommonExecutor.java:65)
	at com.kms.katalon.core.main.TestSuiteExecutor.accessTestSuiteMainPhase(TestSuiteExecutor.java:148)
	at com.kms.katalon.core.main.TestSuiteExecutor.execute(TestSuiteExecutor.java:106)
	at com.kms.katalon.core.main.TestCaseMain.startTestSuite(TestCaseMain.java:180)
	at TempTestSuite1707071584491.run(TempTestSuite1707071584491.groovy:36)
	at java.base/jdk.internal.reflect.NativeMethodAccessorImpl.invoke0(Native Method)
	at java.base/jdk.internal.reflect.NativeMethodAccessorImpl.invoke(NativeMethodAccessorImpl.java:77)
	at java.base/jdk.internal.reflect.DelegatingMethodAccessorImpl.invoke(DelegatingMethodAccessorImpl.java:43)]]></system-err>
   </testsuite>
</testsuites>
