<?xml version="1.0" encoding="UTF-8"?>
<testsuites name="AmazonSearch" time="97.306" tests="4" failures="1" errors="0">
   <testsuite name="AmazonSearch" tests="4" failures="1" errors="0" time="97.306" skipped="0" timestamp="05-02-2024T00:58:19" hostname="LavanyaM - LAPTOP-D3SE02BR" id="Test Suites/AmazonSearch001_TS/AmazonSearch">
      <properties>
         <property name="deviceName" value=""/>
         <property name="devicePlatform" value=""/>
         <property name="logFolder" value="C:\\Users\\LavanyaM\\git\\AmazonTesting_Katalon\\Reports\\20240205_005811\\AmazonSearch001_TS\\AmazonSearch\\20240205_005811"/>
         <property name="logFiles" value="C:\\Users\\LavanyaM\\git\\AmazonTesting_Katalon\\Reports\\20240205_005811\\AmazonSearch001_TS\\AmazonSearch\\20240205_005811\\execution0.log"/>
         <property name="attachments" value="C:\\Users\\LavanyaM\\git\\AmazonTesting_Katalon\\Reports\\20240205_005811\\AmazonSearch001_TS\\AmazonSearch\\20240205_005811\\1707074996602.png"/>
         <property name="hostName" value="LavanyaM - LAPTOP-D3SE02BR"/>
         <property name="os" value="Windows 10 64bit"/>
         <property name="katalonVersion" value="9.1.0.212"/>
         <property name="browser" value="Chrome 121.0.0.0"/>
         <property name="hostAddress" value="192.168.0.182"/>
         <property name="sessionId" value="34e6b986dc32fd0ec0577dba6b5531f2"/>
         <property name="seleniumVersion" value="3.141.59"/>
         <property name="proxyInformation" value="ProxyInformation { proxyOption=NO_PROXY, proxyServerType=HTTP, username=, password=********, proxyServerAddress=, proxyServerPort=0, executionList=&quot;&quot;, isApplyToDesiredCapabilities=true }"/>
         <property name="platform" value="Windows 10"/>
      </properties>
      <testcase name="Test Cases/AmazonLogin/TC_AmazonSearch001" time="21.742" classname="Test Cases/AmazonLogin/TC_AmazonSearch001" status="PASSED">
         <system-out><![CDATA[05-02-2024T00:58:20 - [TEST_CASE][PASSED] - Test Cases/AmazonLogin/TC_AmazonSearch001: Test Cases/AmazonLogin/TC_AmazonSearch001

05-02-2024T00:58:20 - [TEST_STEP][PASSED] - openBrowser(""): Browser is opened with url: ''

05-02-2024T00:58:21 - [MESSAGE][INFO] - Starting 'Chrome' driver

05-02-2024T00:58:21 - [MESSAGE][INFO] - Action delay is set to 0 milliseconds

05-02-2024T00:58:24 - [MESSAGE][PASSED] - Browser is opened with url: ''

05-02-2024T00:58:24 - [TEST_STEP][PASSED] - navigateToUrl("https://www.amazon.in/"): Navigate to 'https://www.amazon.in/' successfully

05-02-2024T00:58:32 - [MESSAGE][PASSED] - Navigate to 'https://www.amazon.in/' successfully

05-02-2024T00:58:32 - [TEST_STEP][PASSED] - setText(findTestObject("Object Repository/AmazonSearch/AmazonSearch001/Page_Online Shopping site in India Shop Onl_10c5f3/input_field-keywords"), SearchInput): Text 'Spartan bats' is set on object 'Object Repository/AmazonSearch/AmazonSearch001/Page_Online Shopping site in India Shop Onl_10c5f3/input_field-keywords'

05-02-2024T00:58:34 - [MESSAGE][PASSED] - Text 'Spartan bats' is set on object 'Object Repository/AmazonSearch/AmazonSearch001/Page_Online Shopping site in India Shop Onl_10c5f3/input_field-keywords'

05-02-2024T00:58:34 - [TEST_STEP][PASSED] - click(findTestObject("Object Repository/AmazonSearch/AmazonSearch001/Page_Online Shopping site in India Shop Onl_10c5f3/inputnav-search-submit-button")): Object: 'Object Repository/AmazonSearch/AmazonSearch001/Page_Online Shopping site in India Shop Onl_10c5f3/inputnav-search-submit-button' is clicked on

05-02-2024T00:58:40 - [MESSAGE][PASSED] - Object: 'Object Repository/AmazonSearch/AmazonSearch001/Page_Online Shopping site in India Shop Onl_10c5f3/inputnav-search-submit-button' is clicked on

05-02-2024T00:58:40 - [TEST_STEP][PASSED] - closeBrowser(): Browser is closed

05-02-2024T00:58:41 - [MESSAGE][PASSED] - Browser is closed]]></system-out>
         <system-err><![CDATA[]]></system-err>
      </testcase>
      <testcase name="Test Cases/AmazonLogin/TC_AmazonSearch001" time="19.494" classname="Test Cases/AmazonLogin/TC_AmazonSearch001" status="PASSED">
         <system-out><![CDATA[05-02-2024T00:58:41 - [TEST_CASE][PASSED] - Test Cases/AmazonLogin/TC_AmazonSearch001: Test Cases/AmazonLogin/TC_AmazonSearch001

05-02-2024T00:58:42 - [TEST_STEP][PASSED] - openBrowser(""): Browser is opened with url: ''

05-02-2024T00:58:42 - [MESSAGE][INFO] - Starting 'Chrome' driver

05-02-2024T00:58:42 - [MESSAGE][INFO] - Action delay is set to 0 milliseconds

05-02-2024T00:58:43 - [MESSAGE][PASSED] - Browser is opened with url: ''

05-02-2024T00:58:43 - [TEST_STEP][PASSED] - navigateToUrl("https://www.amazon.in/"): Navigate to 'https://www.amazon.in/' successfully

05-02-2024T00:58:50 - [MESSAGE][PASSED] - Navigate to 'https://www.amazon.in/' successfully

05-02-2024T00:58:50 - [TEST_STEP][PASSED] - setText(findTestObject("Object Repository/AmazonSearch/AmazonSearch001/Page_Online Shopping site in India Shop Onl_10c5f3/input_field-keywords"), SearchInput): Text 'Kookaburra ball' is set on object 'Object Repository/AmazonSearch/AmazonSearch001/Page_Online Shopping site in India Shop Onl_10c5f3/input_field-keywords'

05-02-2024T00:58:52 - [MESSAGE][PASSED] - Text 'Kookaburra ball' is set on object 'Object Repository/AmazonSearch/AmazonSearch001/Page_Online Shopping site in India Shop Onl_10c5f3/input_field-keywords'

05-02-2024T00:58:52 - [TEST_STEP][PASSED] - click(findTestObject("Object Repository/AmazonSearch/AmazonSearch001/Page_Online Shopping site in India Shop Onl_10c5f3/inputnav-search-submit-button")): Object: 'Object Repository/AmazonSearch/AmazonSearch001/Page_Online Shopping site in India Shop Onl_10c5f3/inputnav-search-submit-button' is clicked on

05-02-2024T00:59:00 - [MESSAGE][PASSED] - Object: 'Object Repository/AmazonSearch/AmazonSearch001/Page_Online Shopping site in India Shop Onl_10c5f3/inputnav-search-submit-button' is clicked on

05-02-2024T00:59:00 - [TEST_STEP][PASSED] - closeBrowser(): Browser is closed

05-02-2024T00:59:01 - [MESSAGE][PASSED] - Browser is closed]]></system-out>
         <system-err><![CDATA[]]></system-err>
      </testcase>
      <testcase name="Test Cases/AmazonLogin/TC_AmazonSearch001" time="15.102" classname="Test Cases/AmazonLogin/TC_AmazonSearch001" status="PASSED">
         <system-out><![CDATA[05-02-2024T00:59:01 - [TEST_CASE][PASSED] - Test Cases/AmazonLogin/TC_AmazonSearch001: Test Cases/AmazonLogin/TC_AmazonSearch001

05-02-2024T00:59:01 - [TEST_STEP][PASSED] - openBrowser(""): Browser is opened with url: ''

05-02-2024T00:59:01 - [MESSAGE][INFO] - Starting 'Chrome' driver

05-02-2024T00:59:01 - [MESSAGE][INFO] - Action delay is set to 0 milliseconds

05-02-2024T00:59:03 - [MESSAGE][PASSED] - Browser is opened with url: ''

05-02-2024T00:59:03 - [TEST_STEP][PASSED] - navigateToUrl("https://www.amazon.in/"): Navigate to 'https://www.amazon.in/' successfully

05-02-2024T00:59:07 - [MESSAGE][PASSED] - Navigate to 'https://www.amazon.in/' successfully

05-02-2024T00:59:07 - [TEST_STEP][PASSED] - setText(findTestObject("Object Repository/AmazonSearch/AmazonSearch001/Page_Online Shopping site in India Shop Onl_10c5f3/input_field-keywords"), SearchInput): Text 'Redbull racing car' is set on object 'Object Repository/AmazonSearch/AmazonSearch001/Page_Online Shopping site in India Shop Onl_10c5f3/input_field-keywords'

05-02-2024T00:59:10 - [MESSAGE][PASSED] - Text 'Redbull racing car' is set on object 'Object Repository/AmazonSearch/AmazonSearch001/Page_Online Shopping site in India Shop Onl_10c5f3/input_field-keywords'

05-02-2024T00:59:10 - [TEST_STEP][PASSED] - click(findTestObject("Object Repository/AmazonSearch/AmazonSearch001/Page_Online Shopping site in India Shop Onl_10c5f3/inputnav-search-submit-button")): Object: 'Object Repository/AmazonSearch/AmazonSearch001/Page_Online Shopping site in India Shop Onl_10c5f3/inputnav-search-submit-button' is clicked on

05-02-2024T00:59:15 - [MESSAGE][PASSED] - Object: 'Object Repository/AmazonSearch/AmazonSearch001/Page_Online Shopping site in India Shop Onl_10c5f3/inputnav-search-submit-button' is clicked on

05-02-2024T00:59:15 - [TEST_STEP][PASSED] - closeBrowser(): Browser is closed

05-02-2024T00:59:16 - [MESSAGE][PASSED] - Browser is closed]]></system-out>
         <system-err><![CDATA[]]></system-err>
      </testcase>
      <testcase name="Test Cases/AmazonLogin/TC_AmazonSearch001" time="40.273" classname="Test Cases/AmazonLogin/TC_AmazonSearch001" status="FAILED">
         <failure type="FAILED" message="Test Cases/AmazonLogin/TC_AmazonSearch001 FAILED.&#xa;Reason:&#xa;com.kms.katalon.core.exception.StepFailedException: Unable to set text 'Lewis hamilton cap' of object 'Object Repository/AmazonSearch/AmazonSearch001/Page_Online Shopping site in India Shop Onl_10c5f3/input_field-keywords'&#xa;	at com.kms.katalon.core.webui.keyword.internal.WebUIKeywordMain.stepFailed(WebUIKeywordMain.groovy:64)&#xa;	at com.kms.katalon.core.webui.keyword.internal.WebUIKeywordMain.runKeyword(WebUIKeywordMain.groovy:26)&#xa;	at com.kms.katalon.core.webui.keyword.builtin.SetTextKeyword.setText(SetTextKeyword.groovy:66)&#xa;	at com.kms.katalon.core.webui.keyword.builtin.SetTextKeyword.execute(SetTextKeyword.groovy:37)&#xa;	at com.kms.katalon.core.keyword.internal.KeywordExecutor.executeKeywordForPlatform(KeywordExecutor.groovy:74)&#xa;	at com.kms.katalon.core.webui.keyword.WebUiBuiltInKeywords.setText(WebUiBuiltInKeywords.groovy:1019)&#xa;	at TC_AmazonSearch001.run(TC_AmazonSearch001:24)&#xa;	at com.kms.katalon.core.main.ScriptEngine.run(ScriptEngine.java:194)&#xa;	at com.kms.katalon.core.main.ScriptEngine.runScriptAsRawText(ScriptEngine.java:119)&#xa;	at com.kms.katalon.core.main.TestCaseExecutor.runScript(TestCaseExecutor.java:448)&#xa;	at com.kms.katalon.core.main.TestCaseExecutor.doExecute(TestCaseExecutor.java:439)&#xa;	at com.kms.katalon.core.main.TestCaseExecutor.processExecutionPhase(TestCaseExecutor.java:418)&#xa;	at com.kms.katalon.core.main.TestCaseExecutor.accessMainPhase(TestCaseExecutor.java:410)&#xa;	at com.kms.katalon.core.main.TestCaseExecutor.execute(TestCaseExecutor.java:285)&#xa;	at com.kms.katalon.core.common.CommonExecutor.accessTestCaseMainPhase(CommonExecutor.java:65)&#xa;	at com.kms.katalon.core.main.TestSuiteExecutor.accessTestSuiteMainPhase(TestSuiteExecutor.java:148)&#xa;	at com.kms.katalon.core.main.TestSuiteExecutor.execute(TestSuiteExecutor.java:106)&#xa;	at com.kms.katalon.core.main.TestCaseMain.startTestSuite(TestCaseMain.java:180)&#xa;	at TempTestSuite1707074891818.run(TempTestSuite1707074891818.groovy:36)&#xa;	at java.base/jdk.internal.reflect.NativeMethodAccessorImpl.invoke0(Native Method)&#xa;	at java.base/jdk.internal.reflect.NativeMethodAccessorImpl.invoke(NativeMethodAccessorImpl.java:77)&#xa;	at java.base/jdk.internal.reflect.DelegatingMethodAccessorImpl.invoke(DelegatingMethodAccessorImpl.java:43)&#xa;Caused by: com.kms.katalon.core.webui.exception.WebElementNotFoundException: Web element with id: 'Object Repository/AmazonSearch/AmazonSearch001/Page_Online Shopping site in India Shop Onl_10c5f3/input_field-keywords' located by '//input[@id='twotabsearchtextbox']' not found&#xa;	at com.kms.katalon.core.webui.common.WebUiCommonHelper.findWebElement(WebUiCommonHelper.java:1379)&#xa;	at com.kms.katalon.core.webui.keyword.internal.WebUIAbstractKeyword.findWebElement(WebUIAbstractKeyword.groovy:27)&#xa;	at com.kms.katalon.core.webui.keyword.internal.WebUIAbstractKeyword.findWebElement(WebUIAbstractKeyword.groovy:26)&#xa;	at com.kms.katalon.core.webui.keyword.builtin.SetTextKeyword$_setText_closure1.doCall(SetTextKeyword.groovy:51)&#xa;	at com.kms.katalon.core.webui.keyword.builtin.SetTextKeyword$_setText_closure1.call(SetTextKeyword.groovy)&#xa;	at com.kms.katalon.core.webui.keyword.internal.WebUIKeywordMain.runKeyword(WebUIKeywordMain.groovy:20)&#xa;	... 20 more&#xa;"/>
         <system-out><![CDATA[05-02-2024T00:59:16 - [TEST_CASE][FAILED] - Test Cases/AmazonLogin/TC_AmazonSearch001: Test Cases/AmazonLogin/TC_AmazonSearch001 FAILED.
Reason:
com.kms.katalon.core.exception.StepFailedException: Unable to set text 'Lewis hamilton cap' of object 'Object Repository/AmazonSearch/AmazonSearch001/Page_Online Shopping site in India Shop Onl_10c5f3/input_field-keywords'
	at com.kms.katalon.core.webui.keyword.internal.WebUIKeywordMain.stepFailed(WebUIKeywordMain.groovy:64)
	at com.kms.katalon.core.webui.keyword.internal.WebUIKeywordMain.runKeyword(WebUIKeywordMain.groovy:26)
	at com.kms.katalon.core.webui.keyword.builtin.SetTextKeyword.setText(SetTextKeyword.groovy:66)
	at com.kms.katalon.core.webui.keyword.builtin.SetTextKeyword.execute(SetTextKeyword.groovy:37)
	at com.kms.katalon.core.keyword.internal.KeywordExecutor.executeKeywordForPlatform(KeywordExecutor.groovy:74)
	at com.kms.katalon.core.webui.keyword.WebUiBuiltInKeywords.setText(WebUiBuiltInKeywords.groovy:1019)
	at TC_AmazonSearch001.run(TC_AmazonSearch001:24)
	at com.kms.katalon.core.main.ScriptEngine.run(ScriptEngine.java:194)
	at com.kms.katalon.core.main.ScriptEngine.runScriptAsRawText(ScriptEngine.java:119)
	at com.kms.katalon.core.main.TestCaseExecutor.runScript(TestCaseExecutor.java:448)
	at com.kms.katalon.core.main.TestCaseExecutor.doExecute(TestCaseExecutor.java:439)
	at com.kms.katalon.core.main.TestCaseExecutor.processExecutionPhase(TestCaseExecutor.java:418)
	at com.kms.katalon.core.main.TestCaseExecutor.accessMainPhase(TestCaseExecutor.java:410)
	at com.kms.katalon.core.main.TestCaseExecutor.execute(TestCaseExecutor.java:285)
	at com.kms.katalon.core.common.CommonExecutor.accessTestCaseMainPhase(CommonExecutor.java:65)
	at com.kms.katalon.core.main.TestSuiteExecutor.accessTestSuiteMainPhase(TestSuiteExecutor.java:148)
	at com.kms.katalon.core.main.TestSuiteExecutor.execute(TestSuiteExecutor.java:106)
	at com.kms.katalon.core.main.TestCaseMain.startTestSuite(TestCaseMain.java:180)
	at TempTestSuite1707074891818.run(TempTestSuite1707074891818.groovy:36)
	at java.base/jdk.internal.reflect.NativeMethodAccessorImpl.invoke0(Native Method)
	at java.base/jdk.internal.reflect.NativeMethodAccessorImpl.invoke(NativeMethodAccessorImpl.java:77)
	at java.base/jdk.internal.reflect.DelegatingMethodAccessorImpl.invoke(DelegatingMethodAccessorImpl.java:43)
Caused by: com.kms.katalon.core.webui.exception.WebElementNotFoundException: Web element with id: 'Object Repository/AmazonSearch/AmazonSearch001/Page_Online Shopping site in India Shop Onl_10c5f3/input_field-keywords' located by '//input[@id='twotabsearchtextbox']' not found
	at com.kms.katalon.core.webui.common.WebUiCommonHelper.findWebElement(WebUiCommonHelper.java:1379)
	at com.kms.katalon.core.webui.keyword.internal.WebUIAbstractKeyword.findWebElement(WebUIAbstractKeyword.groovy:27)
	at com.kms.katalon.core.webui.keyword.internal.WebUIAbstractKeyword.findWebElement(WebUIAbstractKeyword.groovy:26)
	at com.kms.katalon.core.webui.keyword.builtin.SetTextKeyword$_setText_closure1.doCall(SetTextKeyword.groovy:51)
	at com.kms.katalon.core.webui.keyword.builtin.SetTextKeyword$_setText_closure1.call(SetTextKeyword.groovy)
	at com.kms.katalon.core.webui.keyword.internal.WebUIKeywordMain.runKeyword(WebUIKeywordMain.groovy:20)
	... 20 more


05-02-2024T00:59:16 - [TEST_STEP][PASSED] - openBrowser(""): Browser is opened with url: ''

05-02-2024T00:59:16 - [MESSAGE][INFO] - Starting 'Chrome' driver

05-02-2024T00:59:16 - [MESSAGE][INFO] - Action delay is set to 0 milliseconds

05-02-2024T00:59:18 - [MESSAGE][PASSED] - Browser is opened with url: ''

05-02-2024T00:59:18 - [TEST_STEP][PASSED] - navigateToUrl("https://www.amazon.in/"): Navigate to 'https://www.amazon.in/' successfully

05-02-2024T00:59:25 - [MESSAGE][PASSED] - Navigate to 'https://www.amazon.in/' successfully

05-02-2024T00:59:25 - [TEST_STEP][FAILED] - setText(findTestObject("Object Repository/AmazonSearch/AmazonSearch001/Page_Online Shopping site in India Shop Onl_10c5f3/input_field-keywords"), SearchInput): Unable to set text 'Lewis hamilton cap' of object 'Object Repository/AmazonSearch/AmazonSearch001/Page_Online Shopping site in India Shop Onl_10c5f3/input_field-keywords' (Root cause: com.kms.katalon.core.exception.StepFailedException: Unable to set text 'Lewis hamilton cap' of object 'Object Repository/AmazonSearch/AmazonSearch001/Page_Online Shopping site in India Shop Onl_10c5f3/input_field-keywords'
	at com.kms.katalon.core.webui.keyword.internal.WebUIKeywordMain.stepFailed(WebUIKeywordMain.groovy:64)
	at com.kms.katalon.core.webui.keyword.internal.WebUIKeywordMain.runKeyword(WebUIKeywordMain.groovy:26)
	at com.kms.katalon.core.webui.keyword.builtin.SetTextKeyword.setText(SetTextKeyword.groovy:66)
	at com.kms.katalon.core.webui.keyword.builtin.SetTextKeyword.execute(SetTextKeyword.groovy:37)
	at com.kms.katalon.core.keyword.internal.KeywordExecutor.executeKeywordForPlatform(KeywordExecutor.groovy:74)
	at com.kms.katalon.core.webui.keyword.WebUiBuiltInKeywords.setText(WebUiBuiltInKeywords.groovy:1019)
	at TC_AmazonSearch001.run(TC_AmazonSearch001:24)
	at com.kms.katalon.core.main.ScriptEngine.run(ScriptEngine.java:194)
	at com.kms.katalon.core.main.ScriptEngine.runScriptAsRawText(ScriptEngine.java:119)
	at com.kms.katalon.core.main.TestCaseExecutor.runScript(TestCaseExecutor.java:448)
	at com.kms.katalon.core.main.TestCaseExecutor.doExecute(TestCaseExecutor.java:439)
	at com.kms.katalon.core.main.TestCaseExecutor.processExecutionPhase(TestCaseExecutor.java:418)
	at com.kms.katalon.core.main.TestCaseExecutor.accessMainPhase(TestCaseExecutor.java:410)
	at com.kms.katalon.core.main.TestCaseExecutor.execute(TestCaseExecutor.java:285)
	at com.kms.katalon.core.common.CommonExecutor.accessTestCaseMainPhase(CommonExecutor.java:65)
	at com.kms.katalon.core.main.TestSuiteExecutor.accessTestSuiteMainPhase(TestSuiteExecutor.java:148)
	at com.kms.katalon.core.main.TestSuiteExecutor.execute(TestSuiteExecutor.java:106)
	at com.kms.katalon.core.main.TestCaseMain.startTestSuite(TestCaseMain.java:180)
	at TempTestSuite1707074891818.run(TempTestSuite1707074891818.groovy:36)
	at java.base/jdk.internal.reflect.NativeMethodAccessorImpl.invoke0(Native Method)
	at java.base/jdk.internal.reflect.NativeMethodAccessorImpl.invoke(NativeMethodAccessorImpl.java:77)
	at java.base/jdk.internal.reflect.DelegatingMethodAccessorImpl.invoke(DelegatingMethodAccessorImpl.java:43)
Caused by: com.kms.katalon.core.webui.exception.WebElementNotFoundException: Web element with id: 'Object Repository/AmazonSearch/AmazonSearch001/Page_Online Shopping site in India Shop Onl_10c5f3/input_field-keywords' located by '//input[@id='twotabsearchtextbox']' not found
	at com.kms.katalon.core.webui.common.WebUiCommonHelper.findWebElement(WebUiCommonHelper.java:1379)
	at com.kms.katalon.core.webui.keyword.internal.WebUIAbstractKeyword.findWebElement(WebUIAbstractKeyword.groovy:27)
	at com.kms.katalon.core.webui.keyword.internal.WebUIAbstractKeyword.findWebElement(WebUIAbstractKeyword.groovy:26)
	at com.kms.katalon.core.webui.keyword.builtin.SetTextKeyword$_setText_closure1.doCall(SetTextKeyword.groovy:51)
	at com.kms.katalon.core.webui.keyword.builtin.SetTextKeyword$_setText_closure1.call(SetTextKeyword.groovy)
	at com.kms.katalon.core.webui.keyword.internal.WebUIKeywordMain.runKeyword(WebUIKeywordMain.groovy:20)
	at com.kms.katalon.core.webui.keyword.builtin.SetTextKeyword.setText(SetTextKeyword.groovy:66)
	at com.kms.katalon.core.webui.keyword.builtin.SetTextKeyword.execute(SetTextKeyword.groovy:37)
	at com.kms.katalon.core.keyword.internal.KeywordExecutor.executeKeywordForPlatform(KeywordExecutor.groovy:74)
	at com.kms.katalon.core.webui.keyword.WebUiBuiltInKeywords.setText(WebUiBuiltInKeywords.groovy:1019)
	at Script1707071930321.run(Script1707071930321.groovy:24)
	... 15 more
)

05-02-2024T00:59:56 - [MESSAGE][INFO] - Unable to find the element located by 'By.xpath: //input[@id='twotabsearchtextbox']'. Please recheck the objects properties to make sure the desired element is located. 

05-02-2024T00:59:56 - [MESSAGE][FAILED] - Unable to set text 'Lewis hamilton cap' of object 'Object Repository/AmazonSearch/AmazonSearch001/Page_Online Shopping site in India Shop Onl_10c5f3/input_field-keywords' (Root cause: com.kms.katalon.core.exception.StepFailedException: Unable to set text 'Lewis hamilton cap' of object 'Object Repository/AmazonSearch/AmazonSearch001/Page_Online Shopping site in India Shop Onl_10c5f3/input_field-keywords'
	at com.kms.katalon.core.webui.keyword.internal.WebUIKeywordMain.stepFailed(WebUIKeywordMain.groovy:64)
	at com.kms.katalon.core.webui.keyword.internal.WebUIKeywordMain.runKeyword(WebUIKeywordMain.groovy:26)
	at com.kms.katalon.core.webui.keyword.builtin.SetTextKeyword.setText(SetTextKeyword.groovy:66)
	at com.kms.katalon.core.webui.keyword.builtin.SetTextKeyword.execute(SetTextKeyword.groovy:37)
	at com.kms.katalon.core.keyword.internal.KeywordExecutor.executeKeywordForPlatform(KeywordExecutor.groovy:74)
	at com.kms.katalon.core.webui.keyword.WebUiBuiltInKeywords.setText(WebUiBuiltInKeywords.groovy:1019)
	at TC_AmazonSearch001.run(TC_AmazonSearch001:24)
	at com.kms.katalon.core.main.ScriptEngine.run(ScriptEngine.java:194)
	at com.kms.katalon.core.main.ScriptEngine.runScriptAsRawText(ScriptEngine.java:119)
	at com.kms.katalon.core.main.TestCaseExecutor.runScript(TestCaseExecutor.java:448)
	at com.kms.katalon.core.main.TestCaseExecutor.doExecute(TestCaseExecutor.java:439)
	at com.kms.katalon.core.main.TestCaseExecutor.processExecutionPhase(TestCaseExecutor.java:418)
	at com.kms.katalon.core.main.TestCaseExecutor.accessMainPhase(TestCaseExecutor.java:410)
	at com.kms.katalon.core.main.TestCaseExecutor.execute(TestCaseExecutor.java:285)
	at com.kms.katalon.core.common.CommonExecutor.accessTestCaseMainPhase(CommonExecutor.java:65)
	at com.kms.katalon.core.main.TestSuiteExecutor.accessTestSuiteMainPhase(TestSuiteExecutor.java:148)
	at com.kms.katalon.core.main.TestSuiteExecutor.execute(TestSuiteExecutor.java:106)
	at com.kms.katalon.core.main.TestCaseMain.startTestSuite(TestCaseMain.java:180)
	at TempTestSuite1707074891818.run(TempTestSuite1707074891818.groovy:36)
	at java.base/jdk.internal.reflect.NativeMethodAccessorImpl.invoke0(Native Method)
	at java.base/jdk.internal.reflect.NativeMethodAccessorImpl.invoke(NativeMethodAccessorImpl.java:77)
	at java.base/jdk.internal.reflect.DelegatingMethodAccessorImpl.invoke(DelegatingMethodAccessorImpl.java:43)
Caused by: com.kms.katalon.core.webui.exception.WebElementNotFoundException: Web element with id: 'Object Repository/AmazonSearch/AmazonSearch001/Page_Online Shopping site in India Shop Onl_10c5f3/input_field-keywords' located by '//input[@id='twotabsearchtextbox']' not found
	at com.kms.katalon.core.webui.common.WebUiCommonHelper.findWebElement(WebUiCommonHelper.java:1379)
	at com.kms.katalon.core.webui.keyword.internal.WebUIAbstractKeyword.findWebElement(WebUIAbstractKeyword.groovy:27)
	at com.kms.katalon.core.webui.keyword.internal.WebUIAbstractKeyword.findWebElement(WebUIAbstractKeyword.groovy:26)
	at com.kms.katalon.core.webui.keyword.builtin.SetTextKeyword$_setText_closure1.doCall(SetTextKeyword.groovy:51)
	at com.kms.katalon.core.webui.keyword.builtin.SetTextKeyword$_setText_closure1.call(SetTextKeyword.groovy)
	at com.kms.katalon.core.webui.keyword.internal.WebUIKeywordMain.runKeyword(WebUIKeywordMain.groovy:20)
	at com.kms.katalon.core.webui.keyword.builtin.SetTextKeyword.setText(SetTextKeyword.groovy:66)
	at com.kms.katalon.core.webui.keyword.builtin.SetTextKeyword.execute(SetTextKeyword.groovy:37)
	at com.kms.katalon.core.keyword.internal.KeywordExecutor.executeKeywordForPlatform(KeywordExecutor.groovy:74)
	at com.kms.katalon.core.webui.keyword.WebUiBuiltInKeywords.setText(WebUiBuiltInKeywords.groovy:1019)
	at Script1707071930321.run(Script1707071930321.groovy:24)
	... 15 more
)
[[ATTACHMENT|C:\\Users\\LavanyaM\\git\\AmazonTesting_Katalon\\Reports\\20240205_005811\\AmazonSearch001_TS\\AmazonSearch\\20240205_005811\\1707074996602.png]]]]></system-out>
         <system-err><![CDATA[05-02-2024T00:59:16 - [TEST_CASE][FAILED] - Test Cases/AmazonLogin/TC_AmazonSearch001: Test Cases/AmazonLogin/TC_AmazonSearch001 FAILED.
Reason:
com.kms.katalon.core.exception.StepFailedException: Unable to set text 'Lewis hamilton cap' of object 'Object Repository/AmazonSearch/AmazonSearch001/Page_Online Shopping site in India Shop Onl_10c5f3/input_field-keywords'
	at com.kms.katalon.core.webui.keyword.internal.WebUIKeywordMain.stepFailed(WebUIKeywordMain.groovy:64)
	at com.kms.katalon.core.webui.keyword.internal.WebUIKeywordMain.runKeyword(WebUIKeywordMain.groovy:26)
	at com.kms.katalon.core.webui.keyword.builtin.SetTextKeyword.setText(SetTextKeyword.groovy:66)
	at com.kms.katalon.core.webui.keyword.builtin.SetTextKeyword.execute(SetTextKeyword.groovy:37)
	at com.kms.katalon.core.keyword.internal.KeywordExecutor.executeKeywordForPlatform(KeywordExecutor.groovy:74)
	at com.kms.katalon.core.webui.keyword.WebUiBuiltInKeywords.setText(WebUiBuiltInKeywords.groovy:1019)
	at TC_AmazonSearch001.run(TC_AmazonSearch001:24)
	at com.kms.katalon.core.main.ScriptEngine.run(ScriptEngine.java:194)
	at com.kms.katalon.core.main.ScriptEngine.runScriptAsRawText(ScriptEngine.java:119)
	at com.kms.katalon.core.main.TestCaseExecutor.runScript(TestCaseExecutor.java:448)
	at com.kms.katalon.core.main.TestCaseExecutor.doExecute(TestCaseExecutor.java:439)
	at com.kms.katalon.core.main.TestCaseExecutor.processExecutionPhase(TestCaseExecutor.java:418)
	at com.kms.katalon.core.main.TestCaseExecutor.accessMainPhase(TestCaseExecutor.java:410)
	at com.kms.katalon.core.main.TestCaseExecutor.execute(TestCaseExecutor.java:285)
	at com.kms.katalon.core.common.CommonExecutor.accessTestCaseMainPhase(CommonExecutor.java:65)
	at com.kms.katalon.core.main.TestSuiteExecutor.accessTestSuiteMainPhase(TestSuiteExecutor.java:148)
	at com.kms.katalon.core.main.TestSuiteExecutor.execute(TestSuiteExecutor.java:106)
	at com.kms.katalon.core.main.TestCaseMain.startTestSuite(TestCaseMain.java:180)
	at TempTestSuite1707074891818.run(TempTestSuite1707074891818.groovy:36)
	at java.base/jdk.internal.reflect.NativeMethodAccessorImpl.invoke0(Native Method)
	at java.base/jdk.internal.reflect.NativeMethodAccessorImpl.invoke(NativeMethodAccessorImpl.java:77)
	at java.base/jdk.internal.reflect.DelegatingMethodAccessorImpl.invoke(DelegatingMethodAccessorImpl.java:43)
Caused by: com.kms.katalon.core.webui.exception.WebElementNotFoundException: Web element with id: 'Object Repository/AmazonSearch/AmazonSearch001/Page_Online Shopping site in India Shop Onl_10c5f3/input_field-keywords' located by '//input[@id='twotabsearchtextbox']' not found
	at com.kms.katalon.core.webui.common.WebUiCommonHelper.findWebElement(WebUiCommonHelper.java:1379)
	at com.kms.katalon.core.webui.keyword.internal.WebUIAbstractKeyword.findWebElement(WebUIAbstractKeyword.groovy:27)
	at com.kms.katalon.core.webui.keyword.internal.WebUIAbstractKeyword.findWebElement(WebUIAbstractKeyword.groovy:26)
	at com.kms.katalon.core.webui.keyword.builtin.SetTextKeyword$_setText_closure1.doCall(SetTextKeyword.groovy:51)
	at com.kms.katalon.core.webui.keyword.builtin.SetTextKeyword$_setText_closure1.call(SetTextKeyword.groovy)
	at com.kms.katalon.core.webui.keyword.internal.WebUIKeywordMain.runKeyword(WebUIKeywordMain.groovy:20)
	... 20 more]]></system-err>
      </testcase>
      <system-out><![CDATA[05-02-2024T00:58:19 - [TEST_SUITE][FAILED] - AmazonSearch: Test Cases/AmazonLogin/TC_AmazonSearch001 FAILED.
Reason:
com.kms.katalon.core.exception.StepFailedException: Unable to set text 'Lewis hamilton cap' of object 'Object Repository/AmazonSearch/AmazonSearch001/Page_Online Shopping site in India Shop Onl_10c5f3/input_field-keywords'
	at com.kms.katalon.core.webui.keyword.internal.WebUIKeywordMain.stepFailed(WebUIKeywordMain.groovy:64)
	at com.kms.katalon.core.webui.keyword.internal.WebUIKeywordMain.runKeyword(WebUIKeywordMain.groovy:26)
	at com.kms.katalon.core.webui.keyword.builtin.SetTextKeyword.setText(SetTextKeyword.groovy:66)
	at com.kms.katalon.core.webui.keyword.builtin.SetTextKeyword.execute(SetTextKeyword.groovy:37)
	at com.kms.katalon.core.keyword.internal.KeywordExecutor.executeKeywordForPlatform(KeywordExecutor.groovy:74)
	at com.kms.katalon.core.webui.keyword.WebUiBuiltInKeywords.setText(WebUiBuiltInKeywords.groovy:1019)
	at TC_AmazonSearch001.run(TC_AmazonSearch001:24)
	at com.kms.katalon.core.main.ScriptEngine.run(ScriptEngine.java:194)
	at com.kms.katalon.core.main.ScriptEngine.runScriptAsRawText(ScriptEngine.java:119)
	at com.kms.katalon.core.main.TestCaseExecutor.runScript(TestCaseExecutor.java:448)
	at com.kms.katalon.core.main.TestCaseExecutor.doExecute(TestCaseExecutor.java:439)
	at com.kms.katalon.core.main.TestCaseExecutor.processExecutionPhase(TestCaseExecutor.java:418)
	at com.kms.katalon.core.main.TestCaseExecutor.accessMainPhase(TestCaseExecutor.java:410)
	at com.kms.katalon.core.main.TestCaseExecutor.execute(TestCaseExecutor.java:285)
	at com.kms.katalon.core.common.CommonExecutor.accessTestCaseMainPhase(CommonExecutor.java:65)
	at com.kms.katalon.core.main.TestSuiteExecutor.accessTestSuiteMainPhase(TestSuiteExecutor.java:148)
	at com.kms.katalon.core.main.TestSuiteExecutor.execute(TestSuiteExecutor.java:106)
	at com.kms.katalon.core.main.TestCaseMain.startTestSuite(TestCaseMain.java:180)
	at TempTestSuite1707074891818.run(TempTestSuite1707074891818.groovy:36)
	at java.base/jdk.internal.reflect.NativeMethodAccessorImpl.invoke0(Native Method)
	at java.base/jdk.internal.reflect.NativeMethodAccessorImpl.invoke(NativeMethodAccessorImpl.java:77)
	at java.base/jdk.internal.reflect.DelegatingMethodAccessorImpl.invoke(DelegatingMethodAccessorImpl.java:43)
Caused by: com.kms.katalon.core.webui.exception.WebElementNotFoundException: Web element with id: 'Object Repository/AmazonSearch/AmazonSearch001/Page_Online Shopping site in India Shop Onl_10c5f3/input_field-keywords' located by '//input[@id='twotabsearchtextbox']' not found
	at com.kms.katalon.core.webui.common.WebUiCommonHelper.findWebElement(WebUiCommonHelper.java:1379)
	at com.kms.katalon.core.webui.keyword.internal.WebUIAbstractKeyword.findWebElement(WebUIAbstractKeyword.groovy:27)
	at com.kms.katalon.core.webui.keyword.internal.WebUIAbstractKeyword.findWebElement(WebUIAbstractKeyword.groovy:26)
	at com.kms.katalon.core.webui.keyword.builtin.SetTextKeyword$_setText_closure1.doCall(SetTextKeyword.groovy:51)
	at com.kms.katalon.core.webui.keyword.builtin.SetTextKeyword$_setText_closure1.call(SetTextKeyword.groovy)
	at com.kms.katalon.core.webui.keyword.internal.WebUIKeywordMain.runKeyword(WebUIKeywordMain.groovy:20)
	... 20 more]]></system-out>
      <system-err><![CDATA[05-02-2024T00:58:19 - [TEST_SUITE][FAILED] - AmazonSearch: Test Cases/AmazonLogin/TC_AmazonSearch001 FAILED.
Reason:
com.kms.katalon.core.exception.StepFailedException: Unable to set text 'Lewis hamilton cap' of object 'Object Repository/AmazonSearch/AmazonSearch001/Page_Online Shopping site in India Shop Onl_10c5f3/input_field-keywords'
	at com.kms.katalon.core.webui.keyword.internal.WebUIKeywordMain.stepFailed(WebUIKeywordMain.groovy:64)
	at com.kms.katalon.core.webui.keyword.internal.WebUIKeywordMain.runKeyword(WebUIKeywordMain.groovy:26)
	at com.kms.katalon.core.webui.keyword.builtin.SetTextKeyword.setText(SetTextKeyword.groovy:66)
	at com.kms.katalon.core.webui.keyword.builtin.SetTextKeyword.execute(SetTextKeyword.groovy:37)
	at com.kms.katalon.core.keyword.internal.KeywordExecutor.executeKeywordForPlatform(KeywordExecutor.groovy:74)
	at com.kms.katalon.core.webui.keyword.WebUiBuiltInKeywords.setText(WebUiBuiltInKeywords.groovy:1019)
	at TC_AmazonSearch001.run(TC_AmazonSearch001:24)
	at com.kms.katalon.core.main.ScriptEngine.run(ScriptEngine.java:194)
	at com.kms.katalon.core.main.ScriptEngine.runScriptAsRawText(ScriptEngine.java:119)
	at com.kms.katalon.core.main.TestCaseExecutor.runScript(TestCaseExecutor.java:448)
	at com.kms.katalon.core.main.TestCaseExecutor.doExecute(TestCaseExecutor.java:439)
	at com.kms.katalon.core.main.TestCaseExecutor.processExecutionPhase(TestCaseExecutor.java:418)
	at com.kms.katalon.core.main.TestCaseExecutor.accessMainPhase(TestCaseExecutor.java:410)
	at com.kms.katalon.core.main.TestCaseExecutor.execute(TestCaseExecutor.java:285)
	at com.kms.katalon.core.common.CommonExecutor.accessTestCaseMainPhase(CommonExecutor.java:65)
	at com.kms.katalon.core.main.TestSuiteExecutor.accessTestSuiteMainPhase(TestSuiteExecutor.java:148)
	at com.kms.katalon.core.main.TestSuiteExecutor.execute(TestSuiteExecutor.java:106)
	at com.kms.katalon.core.main.TestCaseMain.startTestSuite(TestCaseMain.java:180)
	at TempTestSuite1707074891818.run(TempTestSuite1707074891818.groovy:36)
	at java.base/jdk.internal.reflect.NativeMethodAccessorImpl.invoke0(Native Method)
	at java.base/jdk.internal.reflect.NativeMethodAccessorImpl.invoke(NativeMethodAccessorImpl.java:77)
	at java.base/jdk.internal.reflect.DelegatingMethodAccessorImpl.invoke(DelegatingMethodAccessorImpl.java:43)
Caused by: com.kms.katalon.core.webui.exception.WebElementNotFoundException: Web element with id: 'Object Repository/AmazonSearch/AmazonSearch001/Page_Online Shopping site in India Shop Onl_10c5f3/input_field-keywords' located by '//input[@id='twotabsearchtextbox']' not found
	at com.kms.katalon.core.webui.common.WebUiCommonHelper.findWebElement(WebUiCommonHelper.java:1379)
	at com.kms.katalon.core.webui.keyword.internal.WebUIAbstractKeyword.findWebElement(WebUIAbstractKeyword.groovy:27)
	at com.kms.katalon.core.webui.keyword.internal.WebUIAbstractKeyword.findWebElement(WebUIAbstractKeyword.groovy:26)
	at com.kms.katalon.core.webui.keyword.builtin.SetTextKeyword$_setText_closure1.doCall(SetTextKeyword.groovy:51)
	at com.kms.katalon.core.webui.keyword.builtin.SetTextKeyword$_setText_closure1.call(SetTextKeyword.groovy)
	at com.kms.katalon.core.webui.keyword.internal.WebUIKeywordMain.runKeyword(WebUIKeywordMain.groovy:20)
	... 20 more]]></system-err>
   </testsuite>
</testsuites>
